<?xml version="1.0" encoding="UTF-8"?>
<!-- Generated by org.testng.reporters.JUnitReportReporter -->
<testsuite skipped="0" hostname="Jayashrees-MacBook-Air.local" name="SalesForceExtension" tests="1" failures="0" timestamp="2020-11-25T19:36:36 IST" time="5.922" errors="0">
  <testcase name="jdbcmethod" time="5.922" classname="SalesForceExtension"/>
  <system-out/>
</testsuite> <!-- SalesForceExtension -->
