<?xml version="1.0" encoding="UTF-8"?>
<!-- Generated by org.testng.reporters.JUnitReportReporter -->
<testsuite skipped="0" hostname="Jayashrees-MacBook-Air.local" name="SalesForceTest" tests="1" failures="0" timestamp="2020-11-25T12:25:11 IST" time="0.011" errors="0">
  <testcase name="loginToSalesforce" time="0.011" classname="SalesForceTest"/>
  <system-out/>
</testsuite> <!-- SalesForceTest -->
